C51 COMPILER V9.53.0.0   ADC_0808                                                          12/29/2018 16:55:20 PAGE 1   


C51 COMPILER V9.53.0.0, COMPILATION OF MODULE ADC_0808
OBJECT MODULE PLACED IN ADC_0808.OBJ
COMPILER INVOKED BY: C:\Keil_v5\C51\BIN\C51.EXE ADC_0808.c OPTIMIZE(8,SPEED) BROWSE DEBUG OBJECTEXTEND TABS(2)

line level    source

   1          #include<reg51.h>
   2          #include "8051_delay.h"
   3          
   4          sbit ale=P3^0;    //address latch enable
   5          sbit sc=P3^1;     //start conversion
   6          sbit eoc=P3^2;    //end of conversion
   7          sbit oe=P3^3;     //output enable
   8          sbit ADD_A=P3^4;  //Address pins for selecting input channels.
   9          sbit ADD_B=P3^5;
  10          sbit ADD_C=P3^6;
  11          sbit clk=P3^7;    // clock
  12          
  13          sfr lcd_data_pin=0x90;  //Port P1
  14          sbit rs=P2^0;
  15          sbit rw=P2^1;
  16          sbit en=P2^2;
  17          sfr input_port=0x80;  //Port P0
  18          
  19          unsigned int key,value,number,ascii1,ascii2,ascii3,flag,temp1,key1/*,data1,data2,data3,data11,data12,data1
             -3,data21,data22,data23*/;
  20          
  21          void timer0() interrupt 1  // Function to generate clock of frequency 500KHZ using Timer 0 interrupt.
  22          {
  23   1      clk=~clk;
  24   1      }
  25          
  26          void lcd_command(unsigned char comm)  //Function to send command to LCD.
  27          {
  28   1      lcd_data_pin=comm;
  29   1      en=1;
  30   1      rs=0;
  31   1      rw=0;
  32   1      delay(1);
  33   1      en=0;
  34   1      }
  35                     
  36          void lcd_data(unsigned char disp)  //Function to send data to LCD.
  37          {
  38   1      lcd_data_pin=disp;
  39   1      en=1;
  40   1      rs=1;
  41   1      rw=0;
  42   1      delay(1);
  43   1      en=0;
  44   1      }
  45          
  46          lcd_dataa(unsigned char *disp)  //Function to send string data to LCD.
  47          {
  48   1        int x;
  49   1        for(x=0;disp[x]!=0;x++)
  50   1        {
  51   2          lcd_data(disp[x]);
  52   2        }
  53   1      }
  54          
C51 COMPILER V9.53.0.0   ADC_0808                                                          12/29/2018 16:55:20 PAGE 2   

  55          void lcd_ini()      //Function to inisialize the LCD
  56          {
  57   1      lcd_command(0x38);  // for using 8-bit 2 row LCD
  58   1      delay(5);
  59   1      //lcd_command(0x0F);  // for display on cursor blinking
  60   1      //delay(5);
  61   1      lcd_command(0x80);
  62   1      delay(5);           //Force cursor to blink at line 1 positon 0
  63   1      }
  64          
  65          void BCD()          // Binary to decimal conversion to send the data to LCD
  66          {
  67   1        key1++;
  68   1        key=0;
  69   1        flag=0;
  70   1        
  71   1        number=input_port;
  72   1        value=number%10;
  73   1        number=number/10;
  74   1        ascii1=value+48;
  75   1      
  76   1        if(number!=0)
  77   1        {
  78   2          value=number%10;
  79   2          number=number/10;
  80   2          ascii2=value+48;
  81   2          flag=1;
  82   2        }
  83   1        else
  84   1        {
  85   2          ascii2=48;
  86   2          flag=1;
  87   2        }
  88   1        
  89   1        if(number!=0)
  90   1        {
  91   2          value=number%10;
  92   2          number=number/10;
  93   2          ascii3=value+48;
  94   2          key=2;
  95   2        }
  96   1        else
  97   1        {
  98   2          ascii3=48;
  99   2          key=2;
 100   2        }
 101   1        
 102   1        if(key1==1)    
 103   1        {
 104   2          lcd_command(0xC0);
 105   2        }
 106   1        if(key1==2)
 107   1        {
 108   2          lcd_command(0xC5);
 109   2        }
 110   1        if(key1==3)
 111   1        {
 112   2          lcd_command(0xCA);
 113   2        }
 114   1        
 115   1        if(key==2)
 116   1        lcd_data(ascii3);
C51 COMPILER V9.53.0.0   ADC_0808                                                          12/29/2018 16:55:20 PAGE 3   

 117   1        if(flag==1)
 118   1        lcd_data(ascii2);
 119   1        lcd_data(ascii1);
 120   1        if(key1==3)
 121   1        {
 122   2          key1=0;
 123   2          ascii3=0;
 124   2          ascii2=0;
 125   2          ascii1=0;
 126   2          delay(10);
 127   2        } 
 128   1      }
 129          
 130          void adc()  //Function to drive ADC
 131          {
 132   1      while(1)
 133   1        {
 134   2         if(temp1==0)
 135   2         {
 136   3          ADD_C=0;  // Selecting input channel 1 using address lines
 137   3          ADD_B=0;
 138   3          ADD_A=0;
 139   3         }
 140   2         if(temp1==1)
 141   2         {
 142   3          ADD_C=0;  // Selecting input channel 2 using address lines
 143   3          ADD_B=0;
 144   3          ADD_A=1;
 145   3         }
 146   2         if(temp1==2)
 147   2         {
 148   3          ADD_C=0;  // Selecting input channel 3 using address lines
 149   3          ADD_B=1;
 150   3          ADD_A=0;
 151   3         }
 152   2         delay(2);
 153   2         ale=1;
 154   2         delay(2);
 155   2         sc=1;
 156   2         delay(1);
 157   2         ale=0;
 158   2         delay(1);
 159   2         sc=0;
 160   2         while(eoc==1);
 161   2         while(eoc==0);
 162   2         oe=1;
 163   2         BCD();
 164   2         delay(2);
 165   2         oe=0;
 166   2         temp1++;
 167   2         if(temp1==3)
 168   2         temp1=0;
 169   2        }
 170   1      }
 171          
 172          void main()
 173          {
 174   1        eoc=1;
 175   1        ale=0;
 176   1        oe=0;
 177   1        sc=0;
 178   1        TMOD=0x02;        //Timer0 setting for generating clock of 500KHz using interrupt enable mode.
C51 COMPILER V9.53.0.0   ADC_0808                                                          12/29/2018 16:55:20 PAGE 4   

 179   1        TH0=0xFD;
 180   1        IE=0x82;
 181   1        TR0=1;
 182   1        temp1=0;
 183   1        key1=0;
 184   1        lcd_ini();
 185   1        lcd_dataa("SN1:");
 186   1        lcd_dataa(" SN2:");
 187   1        lcd_dataa(" SN3:");
 188   1        adc();
 189   1      }
*** WARNING C290 IN LINE 53 OF ADC_0808.c: missing return value


MODULE INFORMATION:   STATIC OVERLAYABLE
   CODE SIZE        =    584    ----
   CONSTANT SIZE    =     17    ----
   XDATA SIZE       =   ----    ----
   PDATA SIZE       =   ----    ----
   DATA SIZE        =     18       5
   IDATA SIZE       =   ----    ----
   BIT SIZE         =   ----    ----
END OF MODULE INFORMATION.


C51 COMPILATION COMPLETE.  1 WARNING(S),  0 ERROR(S)
